0 info it worked if it ends with ok
1 verbose cli [ '/usr/local/bin/node', '/usr/local/bin/npm', 'install' ]
2 info using npm@3.10.6
3 info using node@v4.3.2
4 silly loadCurrentTree Starting
5 silly install loadCurrentTree
6 silly install readLocalPackageData
7 silly install normalizeTree
8 silly loadCurrentTree Finishing
9 silly loadIdealTree Starting
10 silly install loadIdealTree
11 silly cloneCurrentTree Starting
12 silly install cloneCurrentTreeToIdealTree
13 silly cloneCurrentTree Finishing
14 silly loadShrinkwrap Starting
15 silly install loadShrinkwrap
16 silly loadShrinkwrap Finishing
17 silly loadAllDepsIntoIdealTree Starting
18 silly install loadAllDepsIntoIdealTree
19 silly fetchNamedPackageData gulp
20 silly mapToRegistry name gulp
21 silly mapToRegistry using default registry
22 silly mapToRegistry registry https://registry.npmjs.org/
23 silly mapToRegistry data Result {
23 silly mapToRegistry   raw: 'gulp',
23 silly mapToRegistry   scope: null,
23 silly mapToRegistry   escapedName: 'gulp',
23 silly mapToRegistry   name: 'gulp',
23 silly mapToRegistry   rawSpec: '',
23 silly mapToRegistry   spec: 'latest',
23 silly mapToRegistry   type: 'tag' }
24 silly mapToRegistry uri https://registry.npmjs.org/gulp
25 verbose request uri https://registry.npmjs.org/gulp
26 verbose request no auth needed
27 info attempt registry request try #1 at 12:52:44 PM
28 verbose request id b5c2fcff1aed1d32
29 verbose etag W/"58443c65-1c968"
30 verbose lastModified Sun, 04 Dec 2016 15:55:17 GMT
31 http request GET https://registry.npmjs.org/gulp
32 http 304 https://registry.npmjs.org/gulp
33 verbose headers { date: 'Sun, 04 Dec 2016 20:52:46 GMT',
33 verbose headers   via: '1.1 varnish',
33 verbose headers   'cache-control': 'max-age=300',
33 verbose headers   etag: 'W/"58443c65-1c968"',
33 verbose headers   age: '98',
33 verbose headers   connection: 'keep-alive',
33 verbose headers   'x-served-by': 'cache-lax8631-LAX',
33 verbose headers   'x-cache': 'HIT',
33 verbose headers   'x-cache-hits': '1',
33 verbose headers   'x-timer': 'S1480884766.275260,VS0,VE0',
33 verbose headers   vary: 'Accept-Encoding' }
34 silly get cb [ 304,
34 silly get   { date: 'Sun, 04 Dec 2016 20:52:46 GMT',
34 silly get     via: '1.1 varnish',
34 silly get     'cache-control': 'max-age=300',
34 silly get     etag: 'W/"58443c65-1c968"',
34 silly get     age: '98',
34 silly get     connection: 'keep-alive',
34 silly get     'x-served-by': 'cache-lax8631-LAX',
34 silly get     'x-cache': 'HIT',
34 silly get     'x-cache-hits': '1',
34 silly get     'x-timer': 'S1480884766.275260,VS0,VE0',
34 silly get     vary: 'Accept-Encoding' } ]
35 verbose etag https://registry.npmjs.org/gulp from cache
36 verbose get saving gulp to /Users/davidmartin/.npm/registry.npmjs.org/gulp/.cache.json
37 verbose correctMkdir /Users/davidmartin/.npm correctMkdir not in flight; initializing
38 silly fetchNamedPackageData No valid target from cache, forcing network
39 verbose request uri https://registry.npmjs.org/gulp
40 verbose request no auth needed
41 info attempt registry request try #1 at 12:52:45 PM
42 http request GET https://registry.npmjs.org/gulp
43 http 200 https://registry.npmjs.org/gulp
44 verbose headers { server: 'nginx/1.10.1',
44 verbose headers   'content-type': 'application/json',
44 verbose headers   'last-modified': 'Sun, 04 Dec 2016 15:55:17 GMT',
44 verbose headers   etag: 'W/"58443c65-1c968"',
44 verbose headers   'content-encoding': 'gzip',
44 verbose headers   'cache-control': 'max-age=300',
44 verbose headers   'content-length': '16644',
44 verbose headers   'accept-ranges': 'bytes',
44 verbose headers   date: 'Sun, 04 Dec 2016 20:52:46 GMT',
44 verbose headers   via: '1.1 varnish',
44 verbose headers   age: '98',
44 verbose headers   connection: 'keep-alive',
44 verbose headers   'x-served-by': 'cache-lax8636-LAX',
44 verbose headers   'x-cache': 'HIT',
44 verbose headers   'x-cache-hits': '1',
44 verbose headers   'x-timer': 'S1480884766.430115,VS0,VE0',
44 verbose headers   vary: 'Accept-Encoding' }
45 silly get cb [ 200,
45 silly get   { server: 'nginx/1.10.1',
45 silly get     'content-type': 'application/json',
45 silly get     'last-modified': 'Sun, 04 Dec 2016 15:55:17 GMT',
45 silly get     etag: 'W/"58443c65-1c968"',
45 silly get     'content-encoding': 'gzip',
45 silly get     'cache-control': 'max-age=300',
45 silly get     'content-length': '16644',
45 silly get     'accept-ranges': 'bytes',
45 silly get     date: 'Sun, 04 Dec 2016 20:52:46 GMT',
45 silly get     via: '1.1 varnish',
45 silly get     age: '98',
45 silly get     connection: 'keep-alive',
45 silly get     'x-served-by': 'cache-lax8636-LAX',
45 silly get     'x-cache': 'HIT',
45 silly get     'x-cache-hits': '1',
45 silly get     'x-timer': 'S1480884766.430115,VS0,VE0',
45 silly get     vary: 'Accept-Encoding' } ]
46 verbose get saving gulp to /Users/davidmartin/.npm/registry.npmjs.org/gulp/.cache.json
47 verbose correctMkdir /Users/davidmartin/.npm correctMkdir not in flight; initializing
48 silly fetchPackageMetaData Error: No compatible version found: gulp@^4.0.0
48 silly fetchPackageMetaData Valid install targets:
48 silly fetchPackageMetaData 3.9.1, 3.9.0, 3.8.11, 3.8.10, 3.8.9, 3.8.8, 3.8.7, 3.8.6, 3.8.5, 3.8.4, 3.8.3, 3.8.2, 3.8.1, 3.8.0, 3.7.0, 3.6.2, 3.6.1, 3.6.0, 3.5.6, 3.5.5, 3.5.2, 3.5.1, 3.5.0, 3.4.0, 3.3.4, 3.3.2, 3.3.1, 3.3.0, 3.2.5, 3.2.4, 3.2.3, 3.2.2, 3.2.1, 3.2.0, 3.1.4, 3.1.3, 3.1.2, 3.1.1, 3.0.0, 2.7.0, 2.6.1, 2.6.0, 2.4.1, 2.4.0, 2.3.0, 2.2.0, 2.1.0, 2.0.1, 2.0.0, 1.2.1, 1.2.0, 1.1.0, 1.0.0, 0.2.0, 0.1.0, 0.0.9, 0.0.8, 0.0.7, 0.0.5, 0.0.4, 0.0.3, 0.0.2, 0.0.1
48 silly fetchPackageMetaData
48 silly fetchPackageMetaData     at pickVersionFromRegistryDocument (/usr/local/lib/node_modules/npm/lib/fetch-package-metadata.js:178:16)
48 silly fetchPackageMetaData     at /usr/local/lib/node_modules/npm/node_modules/iferr/index.js:13:50
48 silly fetchPackageMetaData     at /usr/local/lib/node_modules/npm/lib/utils/pulse-till-done.js:20:8
48 silly fetchPackageMetaData     at saved (/usr/local/lib/node_modules/npm/lib/cache/caching-client.js:174:7)
48 silly fetchPackageMetaData     at /usr/local/lib/node_modules/npm/node_modules/graceful-fs/polyfills.js:210:7
48 silly fetchPackageMetaData     at FSReqWrap.oncomplete (fs.js:82:15)
48 silly fetchPackageMetaData  error for gulp@^4.0.0 [Error: No compatible version found: gulp@^4.0.0
48 silly fetchPackageMetaData Valid install targets:
48 silly fetchPackageMetaData 3.9.1, 3.9.0, 3.8.11, 3.8.10, 3.8.9, 3.8.8, 3.8.7, 3.8.6, 3.8.5, 3.8.4, 3.8.3, 3.8.2, 3.8.1, 3.8.0, 3.7.0, 3.6.2, 3.6.1, 3.6.0, 3.5.6, 3.5.5, 3.5.2, 3.5.1, 3.5.0, 3.4.0, 3.3.4, 3.3.2, 3.3.1, 3.3.0, 3.2.5, 3.2.4, 3.2.3, 3.2.2, 3.2.1, 3.2.0, 3.1.4, 3.1.3, 3.1.2, 3.1.1, 3.0.0, 2.7.0, 2.6.1, 2.6.0, 2.4.1, 2.4.0, 2.3.0, 2.2.0, 2.1.0, 2.0.1, 2.0.0, 1.2.1, 1.2.0, 1.1.0, 1.0.0, 0.2.0, 0.1.0, 0.0.9, 0.0.8, 0.0.7, 0.0.5, 0.0.4, 0.0.3, 0.0.2, 0.0.1
48 silly fetchPackageMetaData ]
49 silly rollbackFailedOptional Starting
50 silly rollbackFailedOptional Finishing
51 silly runTopLevelLifecycles Starting
52 silly runTopLevelLifecycles Finishing
53 silly install printInstalled
54 verbose stack Error: No compatible version found: gulp@^4.0.0
54 verbose stack Valid install targets:
54 verbose stack 3.9.1, 3.9.0, 3.8.11, 3.8.10, 3.8.9, 3.8.8, 3.8.7, 3.8.6, 3.8.5, 3.8.4, 3.8.3, 3.8.2, 3.8.1, 3.8.0, 3.7.0, 3.6.2, 3.6.1, 3.6.0, 3.5.6, 3.5.5, 3.5.2, 3.5.1, 3.5.0, 3.4.0, 3.3.4, 3.3.2, 3.3.1, 3.3.0, 3.2.5, 3.2.4, 3.2.3, 3.2.2, 3.2.1, 3.2.0, 3.1.4, 3.1.3, 3.1.2, 3.1.1, 3.0.0, 2.7.0, 2.6.1, 2.6.0, 2.4.1, 2.4.0, 2.3.0, 2.2.0, 2.1.0, 2.0.1, 2.0.0, 1.2.1, 1.2.0, 1.1.0, 1.0.0, 0.2.0, 0.1.0, 0.0.9, 0.0.8, 0.0.7, 0.0.5, 0.0.4, 0.0.3, 0.0.2, 0.0.1
54 verbose stack
54 verbose stack     at pickVersionFromRegistryDocument (/usr/local/lib/node_modules/npm/lib/fetch-package-metadata.js:178:16)
54 verbose stack     at /usr/local/lib/node_modules/npm/node_modules/iferr/index.js:13:50
54 verbose stack     at /usr/local/lib/node_modules/npm/lib/utils/pulse-till-done.js:20:8
54 verbose stack     at saved (/usr/local/lib/node_modules/npm/lib/cache/caching-client.js:174:7)
54 verbose stack     at /usr/local/lib/node_modules/npm/node_modules/graceful-fs/polyfills.js:210:7
54 verbose stack     at FSReqWrap.oncomplete (fs.js:82:15)
55 verbose cwd /Users/davidmartin/Documents/web/projects/dwm_staticgen
56 error Darwin 16.0.0
57 error argv "/usr/local/bin/node" "/usr/local/bin/npm" "install"
58 error node v4.3.2
59 error npm  v3.10.6
60 error No compatible version found: gulp@^4.0.0
60 error Valid install targets:
60 error 3.9.1, 3.9.0, 3.8.11, 3.8.10, 3.8.9, 3.8.8, 3.8.7, 3.8.6, 3.8.5, 3.8.4, 3.8.3, 3.8.2, 3.8.1, 3.8.0, 3.7.0, 3.6.2, 3.6.1, 3.6.0, 3.5.6, 3.5.5, 3.5.2, 3.5.1, 3.5.0, 3.4.0, 3.3.4, 3.3.2, 3.3.1, 3.3.0, 3.2.5, 3.2.4, 3.2.3, 3.2.2, 3.2.1, 3.2.0, 3.1.4, 3.1.3, 3.1.2, 3.1.1, 3.0.0, 2.7.0, 2.6.1, 2.6.0, 2.4.1, 2.4.0, 2.3.0, 2.2.0, 2.1.0, 2.0.1, 2.0.0, 1.2.1, 1.2.0, 1.1.0, 1.0.0, 0.2.0, 0.1.0, 0.0.9, 0.0.8, 0.0.7, 0.0.5, 0.0.4, 0.0.3, 0.0.2, 0.0.1
61 error If you need help, you may report this error at:
61 error     <https://github.com/npm/npm/issues>
62 verbose exit [ 1, true ]
